<?xml version="1.0" encoding="utf-8"?><testsuites><testsuite name="pytest" errors="0" failures="0" skipped="0" tests="52" time="0.176" timestamp="2026-04-22T00:28:35.726655" hostname="shrimpsPC"><testcase classname="byte_leg_control.test.test_ik" name="test_ik_fk_round_trip[0]" time="0.002" /><testcase classname="byte_leg_control.test.test_ik" name="test_ik_fk_round_trip[1]" time="0.001" /><testcase classname="byte_leg_control.test.test_ik" name="test_ik_fk_round_trip[2]" time="0.001" /><testcase classname="byte_leg_control.test.test_ik" name="test_ik_fk_round_trip[3]" time="0.001" /><testcase classname="byte_leg_control.test.test_ik" name="test_ik_fk_round_trip[4]" time="0.001" /><testcase classname="byte_leg_control.test.test_ik" name="test_ik_fk_round_trip[5]" time="0.001" /><testcase classname="byte_leg_control.test.test_ik" name="test_ik_fk_round_trip[6]" time="0.001" /><testcase classname="byte_leg_control.test.test_ik" name="test_ik_fk_round_trip[7]" time="0.001" /><testcase classname="byte_leg_control.test.test_ik" name="test_ik_fk_round_trip[8]" time="0.001" /><testcase classname="byte_leg_control.test.test_ik" name="test_ik_fk_round_trip[9]" time="0.001" /><testcase classname="byte_leg_control.test.test_ik" name="test_ik_fk_round_trip[10]" time="0.001" /><testcase classname="byte_leg_control.test.test_ik" name="test_ik_fk_round_trip[11]" time="0.001" /><testcase classname="byte_leg_control.test.test_ik" name="test_ik_fk_round_trip[12]" time="0.001" /><testcase classname="byte_leg_control.test.test_ik" name="test_ik_fk_round_trip[13]" time="0.001" /><testcase classname="byte_leg_control.test.test_ik" name="test_ik_fk_round_trip[14]" time="0.001" /><testcase classname="byte_leg_control.test.test_ik" name="test_ik_fk_round_trip[15]" time="0.001" /><testcase classname="byte_leg_control.test.test_ik" name="test_ik_fk_round_trip[16]" time="0.001" /><testcase classname="byte_leg_control.test.test_ik" name="test_ik_fk_round_trip[17]" time="0.001" /><testcase classname="byte_leg_control.test.test_ik" name="test_ik_fk_round_trip[18]" time="0.001" /><testcase classname="byte_leg_control.test.test_ik" name="test_ik_fk_round_trip[19]" time="0.001" /><testcase classname="byte_leg_control.test.test_ik" name="test_ik_fk_round_trip[20]" time="0.001" /><testcase classname="byte_leg_control.test.test_ik" name="test_ik_fk_round_trip[21]" time="0.001" /><testcase classname="byte_leg_control.test.test_ik" name="test_ik_fk_round_trip[22]" time="0.001" /><testcase classname="byte_leg_control.test.test_ik" name="test_ik_fk_round_trip[23]" time="0.001" /><testcase classname="byte_leg_control.test.test_ik" name="test_ik_fk_round_trip[24]" time="0.001" /><testcase classname="byte_leg_control.test.test_ik" name="test_ik_fk_round_trip[25]" time="0.001" /><testcase classname="byte_leg_control.test.test_ik" name="test_ik_fk_round_trip[26]" time="0.001" /><testcase classname="byte_leg_control.test.test_ik" name="test_ik_fk_round_trip[27]" time="0.001" /><testcase classname="byte_leg_control.test.test_ik" name="test_ik_fk_round_trip[28]" time="0.001" /><testcase classname="byte_leg_control.test.test_ik" name="test_ik_fk_round_trip[29]" time="0.001" /><testcase classname="byte_leg_control.test.test_ik" name="test_ik_fk_round_trip[30]" time="0.001" /><testcase classname="byte_leg_control.test.test_ik" name="test_ik_fk_round_trip[31]" time="0.001" /><testcase classname="byte_leg_control.test.test_ik" name="test_ik_fk_round_trip[32]" time="0.001" /><testcase classname="byte_leg_control.test.test_ik" name="test_ik_fk_round_trip[33]" time="0.001" /><testcase classname="byte_leg_control.test.test_ik" name="test_ik_fk_round_trip[34]" time="0.001" /><testcase classname="byte_leg_control.test.test_ik" name="test_ik_fk_round_trip[35]" time="0.001" /><testcase classname="byte_leg_control.test.test_ik" name="test_ik_fk_round_trip[36]" time="0.001" /><testcase classname="byte_leg_control.test.test_ik" name="test_ik_fk_round_trip[37]" time="0.001" /><testcase classname="byte_leg_control.test.test_ik" name="test_ik_fk_round_trip[38]" time="0.001" /><testcase classname="byte_leg_control.test.test_ik" name="test_ik_fk_round_trip[39]" time="0.001" /><testcase classname="byte_leg_control.test.test_ik" name="test_ik_fk_round_trip[40]" time="0.001" /><testcase classname="byte_leg_control.test.test_ik" name="test_ik_fk_round_trip[41]" time="0.001" /><testcase classname="byte_leg_control.test.test_ik" name="test_ik_fk_round_trip[42]" time="0.001" /><testcase classname="byte_leg_control.test.test_ik" name="test_ik_fk_round_trip[43]" time="0.001" /><testcase classname="byte_leg_control.test.test_ik" name="test_ik_fk_round_trip[44]" time="0.001" /><testcase classname="byte_leg_control.test.test_ik" name="test_ik_fk_round_trip[45]" time="0.001" /><testcase classname="byte_leg_control.test.test_ik" name="test_ik_fk_round_trip[46]" time="0.001" /><testcase classname="byte_leg_control.test.test_ik" name="test_ik_fk_round_trip[47]" time="0.001" /><testcase classname="byte_leg_control.test.test_ik" name="test_ik_fk_round_trip[48]" time="0.001" /><testcase classname="byte_leg_control.test.test_ik" name="test_ik_fk_round_trip[49]" time="0.001" /><testcase classname="byte_leg_control.test.test_ik" name="test_ik_clamps_out_of_reach" time="0.001" /><testcase classname="byte_leg_control.test.test_ik" name="test_ik_too_close" time="0.001" /></testsuite></testsuites>