<?xml version="1.0" encoding="utf-8"?><testsuites><testsuite name="pytest" errors="0" failures="0" skipped="0" tests="100" time="0.689" timestamp="2026-04-22T01:35:26.862232" hostname="shrimpsPC"><testcase classname="byte_leg_hardware.test.test_can_waveshare" name="test_send_can_roundtrip_minimal" time="0.003" /><testcase classname="byte_leg_hardware.test.test_can_waveshare" name="test_set_axis_state_frames_correctly" time="0.002" /><testcase classname="byte_leg_hardware.test.test_can_waveshare" name="test_set_input_pos_quantises_feedforwards" time="0.004" /><testcase classname="byte_leg_hardware.test.test_can_waveshare" name="test_encoder_request_is_zero_length" time="0.002" /><testcase classname="byte_leg_hardware.test.test_can_waveshare" name="test_iter_frames_recovers_from_leading_garbage" time="0.003" /><testcase classname="byte_leg_hardware.test.test_can_waveshare" name="test_iter_frames_handles_false_sync" time="0.002" /><testcase classname="byte_leg_hardware.test.test_can_waveshare" name="test_iter_frames_holds_partial_tail" time="0.002" /><testcase classname="byte_leg_hardware.test.test_can_waveshare" name="test_decode_encoder_estimates_roundtrip" time="0.002" /><testcase classname="byte_leg_hardware.test.test_can_waveshare" name="test_rad_rev_roundtrip[-1.4-0.0-1.0-1.0]" time="0.003" /><testcase classname="byte_leg_hardware.test.test_can_waveshare" name="test_rad_rev_roundtrip[-1.4-0.0-1.0--1.0]" time="0.003" /><testcase classname="byte_leg_hardware.test.test_can_waveshare" name="test_rad_rev_roundtrip[-1.4-0.0-8.0-1.0]" time="0.003" /><testcase classname="byte_leg_hardware.test.test_can_waveshare" name="test_rad_rev_roundtrip[-1.4-0.0-8.0--1.0]" time="0.003" /><testcase classname="byte_leg_hardware.test.test_can_waveshare" name="test_rad_rev_roundtrip[-1.4-0.0-21.0-1.0]" time="0.004" /><testcase classname="byte_leg_hardware.test.test_can_waveshare" name="test_rad_rev_roundtrip[-1.4-0.0-21.0--1.0]" time="0.003" /><testcase classname="byte_leg_hardware.test.test_can_waveshare" name="test_rad_rev_roundtrip[-1.4-5.3-1.0-1.0]" time="0.003" /><testcase classname="byte_leg_hardware.test.test_can_waveshare" name="test_rad_rev_roundtrip[-1.4-5.3-1.0--1.0]" time="0.002" /><testcase classname="byte_leg_hardware.test.test_can_waveshare" name="test_rad_rev_roundtrip[-1.4-5.3-8.0-1.0]" time="0.003" /><testcase classname="byte_leg_hardware.test.test_can_waveshare" name="test_rad_rev_roundtrip[-1.4-5.3-8.0--1.0]" time="0.003" /><testcase classname="byte_leg_hardware.test.test_can_waveshare" name="test_rad_rev_roundtrip[-1.4-5.3-21.0-1.0]" time="0.004" /><testcase classname="byte_leg_hardware.test.test_can_waveshare" name="test_rad_rev_roundtrip[-1.4-5.3-21.0--1.0]" time="0.003" /><testcase classname="byte_leg_hardware.test.test_can_waveshare" name="test_rad_rev_roundtrip[-1.4--17.1-1.0-1.0]" time="0.002" /><testcase classname="byte_leg_hardware.test.test_can_waveshare" name="test_rad_rev_roundtrip[-1.4--17.1-1.0--1.0]" time="0.002" /><testcase classname="byte_leg_hardware.test.test_can_waveshare" name="test_rad_rev_roundtrip[-1.4--17.1-8.0-1.0]" time="0.004" /><testcase classname="byte_leg_hardware.test.test_can_waveshare" name="test_rad_rev_roundtrip[-1.4--17.1-8.0--1.0]" time="0.004" /><testcase classname="byte_leg_hardware.test.test_can_waveshare" name="test_rad_rev_roundtrip[-1.4--17.1-21.0-1.0]" time="0.002" /><testcase classname="byte_leg_hardware.test.test_can_waveshare" name="test_rad_rev_roundtrip[-1.4--17.1-21.0--1.0]" time="0.002" /><testcase classname="byte_leg_hardware.test.test_can_waveshare" name="test_rad_rev_roundtrip[-0.3-0.0-1.0-1.0]" time="0.002" /><testcase classname="byte_leg_hardware.test.test_can_waveshare" name="test_rad_rev_roundtrip[-0.3-0.0-1.0--1.0]" time="0.003" /><testcase classname="byte_leg_hardware.test.test_can_waveshare" name="test_rad_rev_roundtrip[-0.3-0.0-8.0-1.0]" time="0.004" /><testcase classname="byte_leg_hardware.test.test_can_waveshare" name="test_rad_rev_roundtrip[-0.3-0.0-8.0--1.0]" time="0.003" /><testcase classname="byte_leg_hardware.test.test_can_waveshare" name="test_rad_rev_roundtrip[-0.3-0.0-21.0-1.0]" time="0.004" /><testcase classname="byte_leg_hardware.test.test_can_waveshare" name="test_rad_rev_roundtrip[-0.3-0.0-21.0--1.0]" time="0.004" /><testcase classname="byte_leg_hardware.test.test_can_waveshare" name="test_rad_rev_roundtrip[-0.3-5.3-1.0-1.0]" time="0.004" /><testcase classname="byte_leg_hardware.test.test_can_waveshare" name="test_rad_rev_roundtrip[-0.3-5.3-1.0--1.0]" time="0.002" /><testcase classname="byte_leg_hardware.test.test_can_waveshare" name="test_rad_rev_roundtrip[-0.3-5.3-8.0-1.0]" time="0.003" /><testcase classname="byte_leg_hardware.test.test_can_waveshare" name="test_rad_rev_roundtrip[-0.3-5.3-8.0--1.0]" time="0.002" /><testcase classname="byte_leg_hardware.test.test_can_waveshare" name="test_rad_rev_roundtrip[-0.3-5.3-21.0-1.0]" time="0.002" /><testcase classname="byte_leg_hardware.test.test_can_waveshare" name="test_rad_rev_roundtrip[-0.3-5.3-21.0--1.0]" time="0.005" /><testcase classname="byte_leg_hardware.test.test_can_waveshare" name="test_rad_rev_roundtrip[-0.3--17.1-1.0-1.0]" time="0.002" /><testcase classname="byte_leg_hardware.test.test_can_waveshare" name="test_rad_rev_roundtrip[-0.3--17.1-1.0--1.0]" time="0.003" /><testcase classname="byte_leg_hardware.test.test_can_waveshare" name="test_rad_rev_roundtrip[-0.3--17.1-8.0-1.0]" time="0.003" /><testcase classname="byte_leg_hardware.test.test_can_waveshare" name="test_rad_rev_roundtrip[-0.3--17.1-8.0--1.0]" time="0.002" /><testcase classname="byte_leg_hardware.test.test_can_waveshare" name="test_rad_rev_roundtrip[-0.3--17.1-21.0-1.0]" time="0.003" /><testcase classname="byte_leg_hardware.test.test_can_waveshare" name="test_rad_rev_roundtrip[-0.3--17.1-21.0--1.0]" time="0.003" /><testcase classname="byte_leg_hardware.test.test_can_waveshare" name="test_rad_rev_roundtrip[0.0-0.0-1.0-1.0]" time="0.004" /><testcase classname="byte_leg_hardware.test.test_can_waveshare" name="test_rad_rev_roundtrip[0.0-0.0-1.0--1.0]" time="0.003" /><testcase classname="byte_leg_hardware.test.test_can_waveshare" name="test_rad_rev_roundtrip[0.0-0.0-8.0-1.0]" time="0.002" /><testcase classname="byte_leg_hardware.test.test_can_waveshare" name="test_rad_rev_roundtrip[0.0-0.0-8.0--1.0]" time="0.004" /><testcase classname="byte_leg_hardware.test.test_can_waveshare" name="test_rad_rev_roundtrip[0.0-0.0-21.0-1.0]" time="0.005" /><testcase classname="byte_leg_hardware.test.test_can_waveshare" name="test_rad_rev_roundtrip[0.0-0.0-21.0--1.0]" time="0.002" /><testcase classname="byte_leg_hardware.test.test_can_waveshare" name="test_rad_rev_roundtrip[0.0-5.3-1.0-1.0]" time="0.003" /><testcase classname="byte_leg_hardware.test.test_can_waveshare" name="test_rad_rev_roundtrip[0.0-5.3-1.0--1.0]" time="0.002" /><testcase classname="byte_leg_hardware.test.test_can_waveshare" name="test_rad_rev_roundtrip[0.0-5.3-8.0-1.0]" time="0.004" /><testcase classname="byte_leg_hardware.test.test_can_waveshare" name="test_rad_rev_roundtrip[0.0-5.3-8.0--1.0]" time="0.004" /><testcase classname="byte_leg_hardware.test.test_can_waveshare" name="test_rad_rev_roundtrip[0.0-5.3-21.0-1.0]" time="0.003" /><testcase classname="byte_leg_hardware.test.test_can_waveshare" name="test_rad_rev_roundtrip[0.0-5.3-21.0--1.0]" time="0.003" /><testcase classname="byte_leg_hardware.test.test_can_waveshare" name="test_rad_rev_roundtrip[0.0--17.1-1.0-1.0]" time="0.002" /><testcase classname="byte_leg_hardware.test.test_can_waveshare" name="test_rad_rev_roundtrip[0.0--17.1-1.0--1.0]" time="0.003" /><testcase classname="byte_leg_hardware.test.test_can_waveshare" name="test_rad_rev_roundtrip[0.0--17.1-8.0-1.0]" time="0.003" /><testcase classname="byte_leg_hardware.test.test_can_waveshare" name="test_rad_rev_roundtrip[0.0--17.1-8.0--1.0]" time="0.005" /><testcase classname="byte_leg_hardware.test.test_can_waveshare" name="test_rad_rev_roundtrip[0.0--17.1-21.0-1.0]" time="0.003" /><testcase classname="byte_leg_hardware.test.test_can_waveshare" name="test_rad_rev_roundtrip[0.0--17.1-21.0--1.0]" time="0.003" /><testcase classname="byte_leg_hardware.test.test_can_waveshare" name="test_rad_rev_roundtrip[0.7-0.0-1.0-1.0]" time="0.003" /><testcase classname="byte_leg_hardware.test.test_can_waveshare" name="test_rad_rev_roundtrip[0.7-0.0-1.0--1.0]" time="0.003" /><testcase classname="byte_leg_hardware.test.test_can_waveshare" name="test_rad_rev_roundtrip[0.7-0.0-8.0-1.0]" time="0.003" /><testcase classname="byte_leg_hardware.test.test_can_waveshare" name="test_rad_rev_roundtrip[0.7-0.0-8.0--1.0]" time="0.005" /><testcase classname="byte_leg_hardware.test.test_can_waveshare" name="test_rad_rev_roundtrip[0.7-0.0-21.0-1.0]" time="0.003" /><testcase classname="byte_leg_hardware.test.test_can_waveshare" name="test_rad_rev_roundtrip[0.7-0.0-21.0--1.0]" time="0.003" /><testcase classname="byte_leg_hardware.test.test_can_waveshare" name="test_rad_rev_roundtrip[0.7-5.3-1.0-1.0]" time="0.005" /><testcase classname="byte_leg_hardware.test.test_can_waveshare" name="test_rad_rev_roundtrip[0.7-5.3-1.0--1.0]" time="0.003" /><testcase classname="byte_leg_hardware.test.test_can_waveshare" name="test_rad_rev_roundtrip[0.7-5.3-8.0-1.0]" time="0.004" /><testcase classname="byte_leg_hardware.test.test_can_waveshare" name="test_rad_rev_roundtrip[0.7-5.3-8.0--1.0]" time="0.003" /><testcase classname="byte_leg_hardware.test.test_can_waveshare" name="test_rad_rev_roundtrip[0.7-5.3-21.0-1.0]" time="0.003" /><testcase classname="byte_leg_hardware.test.test_can_waveshare" name="test_rad_rev_roundtrip[0.7-5.3-21.0--1.0]" time="0.003" /><testcase classname="byte_leg_hardware.test.test_can_waveshare" name="test_rad_rev_roundtrip[0.7--17.1-1.0-1.0]" time="0.003" /><testcase classname="byte_leg_hardware.test.test_can_waveshare" name="test_rad_rev_roundtrip[0.7--17.1-1.0--1.0]" time="0.003" /><testcase classname="byte_leg_hardware.test.test_can_waveshare" name="test_rad_rev_roundtrip[0.7--17.1-8.0-1.0]" time="0.004" /><testcase classname="byte_leg_hardware.test.test_can_waveshare" name="test_rad_rev_roundtrip[0.7--17.1-8.0--1.0]" time="0.003" /><testcase classname="byte_leg_hardware.test.test_can_waveshare" name="test_rad_rev_roundtrip[0.7--17.1-21.0-1.0]" time="0.003" /><testcase classname="byte_leg_hardware.test.test_can_waveshare" name="test_rad_rev_roundtrip[0.7--17.1-21.0--1.0]" time="0.003" /><testcase classname="byte_leg_hardware.test.test_can_waveshare" name="test_rad_rev_roundtrip[1.9-0.0-1.0-1.0]" time="0.003" /><testcase classname="byte_leg_hardware.test.test_can_waveshare" name="test_rad_rev_roundtrip[1.9-0.0-1.0--1.0]" time="0.003" /><testcase classname="byte_leg_hardware.test.test_can_waveshare" name="test_rad_rev_roundtrip[1.9-0.0-8.0-1.0]" time="0.004" /><testcase classname="byte_leg_hardware.test.test_can_waveshare" name="test_rad_rev_roundtrip[1.9-0.0-8.0--1.0]" time="0.003" /><testcase classname="byte_leg_hardware.test.test_can_waveshare" name="test_rad_rev_roundtrip[1.9-0.0-21.0-1.0]" time="0.003" /><testcase classname="byte_leg_hardware.test.test_can_waveshare" name="test_rad_rev_roundtrip[1.9-0.0-21.0--1.0]" time="0.003" /><testcase classname="byte_leg_hardware.test.test_can_waveshare" name="test_rad_rev_roundtrip[1.9-5.3-1.0-1.0]" time="0.004" /><testcase classname="byte_leg_hardware.test.test_can_waveshare" name="test_rad_rev_roundtrip[1.9-5.3-1.0--1.0]" time="0.005" /><testcase classname="byte_leg_hardware.test.test_can_waveshare" name="test_rad_rev_roundtrip[1.9-5.3-8.0-1.0]" time="0.003" /><testcase classname="byte_leg_hardware.test.test_can_waveshare" name="test_rad_rev_roundtrip[1.9-5.3-8.0--1.0]" time="0.003" /><testcase classname="byte_leg_hardware.test.test_can_waveshare" name="test_rad_rev_roundtrip[1.9-5.3-21.0-1.0]" time="0.003" /><testcase classname="byte_leg_hardware.test.test_can_waveshare" name="test_rad_rev_roundtrip[1.9-5.3-21.0--1.0]" time="0.003" /><testcase classname="byte_leg_hardware.test.test_can_waveshare" name="test_rad_rev_roundtrip[1.9--17.1-1.0-1.0]" time="0.003" /><testcase classname="byte_leg_hardware.test.test_can_waveshare" name="test_rad_rev_roundtrip[1.9--17.1-1.0--1.0]" time="0.002" /><testcase classname="byte_leg_hardware.test.test_can_waveshare" name="test_rad_rev_roundtrip[1.9--17.1-8.0-1.0]" time="0.005" /><testcase classname="byte_leg_hardware.test.test_can_waveshare" name="test_rad_rev_roundtrip[1.9--17.1-8.0--1.0]" time="0.003" /><testcase classname="byte_leg_hardware.test.test_can_waveshare" name="test_rad_rev_roundtrip[1.9--17.1-21.0-1.0]" time="0.004" /><testcase classname="byte_leg_hardware.test.test_can_waveshare" name="test_rad_rev_roundtrip[1.9--17.1-21.0--1.0]" time="0.003" /><testcase classname="byte_leg_hardware.test.test_can_waveshare" name="test_rad_to_rev_sign_behaviour" time="0.003" /><testcase classname="byte_leg_hardware.test.test_can_waveshare" name="test_rad_to_rev_gear_multiplies" time="0.003" /></testsuite></testsuites>